{"C:\\Users\\leejo\\kissfeed\\server\\app.js": {"path":"C:\\Users\\leejo\\kissfeed\\server\\app.js","statementMap":{"0":{"start":{"line":2,"column":16},"end":{"line":2,"column":34}},"1":{"start":{"line":4,"column":21},"end":{"line":4,"column":45}},"2":{"start":{"line":5,"column":15},"end":{"line":5,"column":32}},"3":{"start":{"line":6,"column":15},"end":{"line":6,"column":40}},"4":{"start":{"line":7,"column":0},"end":{"line":7,"column":31}},"5":{"start":{"line":8,"column":22},"end":{"line":8,"column":49}},"6":{"start":{"line":9,"column":20},"end":{"line":9,"column":45}},"7":{"start":{"line":10,"column":20},"end":{"line":10,"column":44}},"8":{"start":{"line":11,"column":25},"end":{"line":11,"column":62}},"9":{"start":{"line":12,"column":17},"end":{"line":12,"column":36}},"10":{"start":{"line":14,"column":13},"end":{"line":14,"column":28}},"11":{"start":{"line":15,"column":19},"end":{"line":15,"column":41}},"12":{"start":{"line":17,"column":12},"end":{"line":17,"column":21}},"13":{"start":{"line":20,"column":0},"end":{"line":26,"column":6}},"14":{"start":{"line":22,"column":8},"end":{"line":22,"column":43}},"15":{"start":{"line":25,"column":8},"end":{"line":25,"column":66}},"16":{"start":{"line":29,"column":0},"end":{"line":29,"column":48}},"17":{"start":{"line":30,"column":0},"end":{"line":30,"column":26}},"18":{"start":{"line":31,"column":0},"end":{"line":31,"column":15}},"19":{"start":{"line":32,"column":0},"end":{"line":32,"column":22}},"20":{"start":{"line":33,"column":0},"end":{"line":33,"column":23}},"21":{"start":{"line":34,"column":0},"end":{"line":34,"column":48}},"22":{"start":{"line":35,"column":0},"end":{"line":35,"column":23}},"23":{"start":{"line":36,"column":0},"end":{"line":36,"column":32}},"24":{"start":{"line":39,"column":0},"end":{"line":39,"column":34}},"25":{"start":{"line":40,"column":0},"end":{"line":40,"column":34}},"26":{"start":{"line":41,"column":0},"end":{"line":41,"column":38}},"27":{"start":{"line":42,"column":0},"end":{"line":42,"column":39}},"28":{"start":{"line":62,"column":0},"end":{"line":77,"column":2}},"29":{"start":{"line":63,"column":4},"end":{"line":63,"column":34}},"30":{"start":{"line":79,"column":0},"end":{"line":84,"column":2}},"31":{"start":{"line":80,"column":4},"end":{"line":80,"column":26}},"32":{"start":{"line":81,"column":19},"end":{"line":81,"column":36}},"33":{"start":{"line":82,"column":4},"end":{"line":82,"column":22}},"34":{"start":{"line":83,"column":4},"end":{"line":83,"column":23}},"35":{"start":{"line":89,"column":0},"end":{"line":89,"column":20}}},"fnMap":{"0":{"name":"(anonymous_0)","decl":{"start":{"line":21,"column":10},"end":{"line":21,"column":11}},"loc":{"start":{"line":21,"column":16},"end":{"line":23,"column":5}},"line":21},"1":{"name":"(anonymous_1)","decl":{"start":{"line":24,"column":11},"end":{"line":24,"column":12}},"loc":{"start":{"line":24,"column":22},"end":{"line":26,"column":5}},"line":24},"2":{"name":"(anonymous_2)","decl":{"start":{"line":62,"column":13},"end":{"line":62,"column":14}},"loc":{"start":{"line":62,"column":27},"end":{"line":77,"column":1}},"line":62},"3":{"name":"(anonymous_3)","decl":{"start":{"line":79,"column":8},"end":{"line":79,"column":9}},"loc":{"start":{"line":79,"column":27},"end":{"line":84,"column":1}},"line":79}},"branchMap":{"0":{"loc":{"start":{"line":81,"column":19},"end":{"line":81,"column":36}},"type":"binary-expr","locations":[{"start":{"line":81,"column":19},"end":{"line":81,"column":29}},{"start":{"line":81,"column":33},"end":{"line":81,"column":36}}],"line":81}},"s":{"0":1,"1":1,"2":1,"3":1,"4":1,"5":1,"6":1,"7":1,"8":1,"9":1,"10":1,"11":1,"12":1,"13":1,"14":1,"15":0,"16":1,"17":1,"18":1,"19":1,"20":1,"21":1,"22":1,"23":1,"24":1,"25":1,"26":1,"27":1,"28":1,"29":0,"30":1,"31":0,"32":0,"33":0,"34":0,"35":1},"f":{"0":1,"1":0,"2":0,"3":0},"b":{"0":[0,0]},"_coverageSchema":"1a1c01bbd47fc00a2c39e90264f33305004495a9","hash":"3f9d2426da228b7a4c8867cc7e38c1ac9ae6af04"}
,"C:\\Users\\leejo\\kissfeed\\server\\models\\article.js": {"path":"C:\\Users\\leejo\\kissfeed\\server\\models\\article.js","statementMap":{"0":{"start":{"line":1,"column":17},"end":{"line":1,"column":36}},"1":{"start":{"line":3,"column":22},"end":{"line":36,"column":2}},"2":{"start":{"line":38,"column":0},"end":{"line":44,"column":2}},"3":{"start":{"line":40,"column":8},"end":{"line":40,"column":57}},"4":{"start":{"line":41,"column":8},"end":{"line":41,"column":33}},"5":{"start":{"line":42,"column":8},"end":{"line":42,"column":33}},"6":{"start":{"line":46,"column":0},"end":{"line":46,"column":57}}},"fnMap":{"0":{"name":"(anonymous_0)","decl":{"start":{"line":39,"column":15},"end":{"line":39,"column":16}},"loc":{"start":{"line":39,"column":45},"end":{"line":43,"column":5}},"line":39}},"branchMap":{},"s":{"0":1,"1":1,"2":1,"3":9,"4":9,"5":9,"6":1},"f":{"0":9},"b":{},"_coverageSchema":"1a1c01bbd47fc00a2c39e90264f33305004495a9","hash":"23b1ed2d29fbd1e895724d86097354c35612b111"}
,"C:\\Users\\leejo\\kissfeed\\server\\models\\user.js": {"path":"C:\\Users\\leejo\\kissfeed\\server\\models\\user.js","statementMap":{"0":{"start":{"line":1,"column":17},"end":{"line":1,"column":36}},"1":{"start":{"line":3,"column":19},"end":{"line":30,"column":2}},"2":{"start":{"line":32,"column":0},"end":{"line":40,"column":2}},"3":{"start":{"line":34,"column":8},"end":{"line":34,"column":57}},"4":{"start":{"line":35,"column":8},"end":{"line":35,"column":33}},"5":{"start":{"line":36,"column":8},"end":{"line":36,"column":33}},"6":{"start":{"line":38,"column":8},"end":{"line":38,"column":42}},"7":{"start":{"line":42,"column":0},"end":{"line":42,"column":51}}},"fnMap":{"0":{"name":"(anonymous_0)","decl":{"start":{"line":33,"column":15},"end":{"line":33,"column":16}},"loc":{"start":{"line":33,"column":45},"end":{"line":39,"column":5}},"line":33}},"branchMap":{},"s":{"0":1,"1":1,"2":1,"3":0,"4":0,"5":0,"6":0,"7":1},"f":{"0":0},"b":{},"_coverageSchema":"1a1c01bbd47fc00a2c39e90264f33305004495a9","hash":"31b1a57ccb39020d41e76029b0e0faa18d01cf41"}
,"C:\\Users\\leejo\\kissfeed\\server\\routes\\article.js": {"path":"C:\\Users\\leejo\\kissfeed\\server\\routes\\article.js","statementMap":{"0":{"start":{"line":1,"column":22},"end":{"line":1,"column":49}},"1":{"start":{"line":2,"column":16},"end":{"line":2,"column":44}},"2":{"start":{"line":3,"column":12},"end":{"line":3,"column":35}},"3":{"start":{"line":4,"column":13},"end":{"line":4,"column":38}},"4":{"start":{"line":5,"column":21},"end":{"line":5,"column":49}},"5":{"start":{"line":6,"column":15},"end":{"line":6,"column":41}},"6":{"start":{"line":9,"column":0},"end":{"line":12,"column":2}},"7":{"start":{"line":10,"column":21},"end":{"line":10,"column":43}},"8":{"start":{"line":11,"column":4},"end":{"line":11,"column":22}},"9":{"start":{"line":14,"column":0},"end":{"line":30,"column":2}},"10":{"start":{"line":15,"column":18},"end":{"line":15,"column":35}},"11":{"start":{"line":16,"column":25},"end":{"line":16,"column":57}},"12":{"start":{"line":18,"column":4},"end":{"line":22,"column":5}},"13":{"start":{"line":19,"column":8},"end":{"line":21,"column":10}},"14":{"start":{"line":24,"column":17},"end":{"line":24,"column":53}},"15":{"start":{"line":25,"column":4},"end":{"line":25,"column":31}},"16":{"start":{"line":26,"column":28},"end":{"line":26,"column":74}},"17":{"start":{"line":26,"column":53},"end":{"line":26,"column":73}},"18":{"start":{"line":27,"column":21},"end":{"line":27,"column":55}},"19":{"start":{"line":29,"column":4},"end":{"line":29,"column":22}},"20":{"start":{"line":32,"column":0},"end":{"line":53,"column":2}},"21":{"start":{"line":34,"column":24},"end":{"line":38,"column":7}},"22":{"start":{"line":35,"column":8},"end":{"line":37,"column":9}},"23":{"start":{"line":40,"column":27},"end":{"line":49,"column":6}},"24":{"start":{"line":42,"column":8},"end":{"line":47,"column":9}},"25":{"start":{"line":43,"column":28},"end":{"line":43,"column":56}},"26":{"start":{"line":44,"column":12},"end":{"line":44,"column":33}},"27":{"start":{"line":46,"column":12},"end":{"line":46,"column":26}},"28":{"start":{"line":50,"column":21},"end":{"line":50,"column":54}},"29":{"start":{"line":52,"column":4},"end":{"line":52,"column":34}},"30":{"start":{"line":55,"column":0},"end":{"line":90,"column":2}},"31":{"start":{"line":56,"column":15},"end":{"line":56,"column":28}},"32":{"start":{"line":58,"column":18},"end":{"line":58,"column":35}},"33":{"start":{"line":60,"column":25},"end":{"line":60,"column":57}},"34":{"start":{"line":62,"column":4},"end":{"line":66,"column":5}},"35":{"start":{"line":63,"column":8},"end":{"line":65,"column":10}},"36":{"start":{"line":67,"column":17},"end":{"line":67,"column":53}},"37":{"start":{"line":69,"column":20},"end":{"line":69,"column":28}},"38":{"start":{"line":70,"column":4},"end":{"line":70,"column":24}},"39":{"start":{"line":71,"column":19},"end":{"line":71,"column":62}},"40":{"start":{"line":73,"column":4},"end":{"line":75,"column":40}},"41":{"start":{"line":74,"column":41},"end":{"line":74,"column":71}},"42":{"start":{"line":78,"column":27},"end":{"line":82,"column":5}},"43":{"start":{"line":84,"column":4},"end":{"line":86,"column":51}},"44":{"start":{"line":85,"column":45},"end":{"line":85,"column":80}},"45":{"start":{"line":88,"column":4},"end":{"line":88,"column":21}},"46":{"start":{"line":89,"column":4},"end":{"line":89,"column":28}},"47":{"start":{"line":92,"column":0},"end":{"line":95,"column":2}},"48":{"start":{"line":93,"column":4},"end":{"line":93,"column":32}},"49":{"start":{"line":94,"column":4},"end":{"line":94,"column":25}},"50":{"start":{"line":97,"column":0},"end":{"line":97,"column":30}}},"fnMap":{"0":{"name":"(anonymous_0)","decl":{"start":{"line":9,"column":23},"end":{"line":9,"column":24}},"loc":{"start":{"line":9,"column":43},"end":{"line":12,"column":1}},"line":9},"1":{"name":"(anonymous_1)","decl":{"start":{"line":14,"column":32},"end":{"line":14,"column":33}},"loc":{"start":{"line":14,"column":52},"end":{"line":30,"column":1}},"line":14},"2":{"name":"(anonymous_2)","decl":{"start":{"line":26,"column":47},"end":{"line":26,"column":48}},"loc":{"start":{"line":26,"column":53},"end":{"line":26,"column":73}},"line":26},"3":{"name":"(anonymous_3)","decl":{"start":{"line":32,"column":24},"end":{"line":32,"column":25}},"loc":{"start":{"line":32,"column":44},"end":{"line":53,"column":1}},"line":32},"4":{"name":"(anonymous_4)","decl":{"start":{"line":34,"column":55},"end":{"line":34,"column":56}},"loc":{"start":{"line":34,"column":66},"end":{"line":38,"column":5}},"line":34},"5":{"name":"(anonymous_5)","decl":{"start":{"line":40,"column":43},"end":{"line":40,"column":44}},"loc":{"start":{"line":40,"column":63},"end":{"line":49,"column":5}},"line":40},"6":{"name":"(anonymous_6)","decl":{"start":{"line":55,"column":26},"end":{"line":55,"column":27}},"loc":{"start":{"line":55,"column":46},"end":{"line":90,"column":1}},"line":55},"7":{"name":"(anonymous_7)","decl":{"start":{"line":74,"column":31},"end":{"line":74,"column":32}},"loc":{"start":{"line":74,"column":41},"end":{"line":74,"column":71}},"line":74},"8":{"name":"(anonymous_8)","decl":{"start":{"line":85,"column":32},"end":{"line":85,"column":33}},"loc":{"start":{"line":85,"column":45},"end":{"line":85,"column":80}},"line":85},"9":{"name":"(anonymous_9)","decl":{"start":{"line":92,"column":26},"end":{"line":92,"column":27}},"loc":{"start":{"line":92,"column":46},"end":{"line":95,"column":1}},"line":92}},"branchMap":{"0":{"loc":{"start":{"line":18,"column":4},"end":{"line":22,"column":5}},"type":"if","locations":[{"start":{"line":18,"column":4},"end":{"line":22,"column":5}},{"start":{},"end":{}}],"line":18},"1":{"loc":{"start":{"line":42,"column":8},"end":{"line":47,"column":9}},"type":"if","locations":[{"start":{"line":42,"column":8},"end":{"line":47,"column":9}},{"start":{"line":45,"column":15},"end":{"line":47,"column":9}}],"line":42},"2":{"loc":{"start":{"line":62,"column":4},"end":{"line":66,"column":5}},"type":"if","locations":[{"start":{"line":62,"column":4},"end":{"line":66,"column":5}},{"start":{},"end":{}}],"line":62},"3":{"loc":{"start":{"line":73,"column":20},"end":{"line":75,"column":40}},"type":"cond-expr","locations":[{"start":{"line":74,"column":10},"end":{"line":74,"column":72}},{"start":{"line":75,"column":10},"end":{"line":75,"column":40}}],"line":73},"4":{"loc":{"start":{"line":84,"column":21},"end":{"line":86,"column":51}},"type":"cond-expr","locations":[{"start":{"line":85,"column":10},"end":{"line":85,"column":81}},{"start":{"line":86,"column":10},"end":{"line":86,"column":51}}],"line":84}},"s":{"0":1,"1":1,"2":1,"3":1,"4":1,"5":1,"6":1,"7":3,"8":3,"9":1,"10":0,"11":0,"12":0,"13":0,"14":0,"15":0,"16":0,"17":0,"18":0,"19":0,"20":1,"21":2,"22":0,"23":0,"24":0,"25":0,"26":0,"27":0,"28":0,"29":0,"30":1,"31":0,"32":0,"33":0,"34":0,"35":0,"36":0,"37":0,"38":0,"39":0,"40":0,"41":0,"42":0,"43":0,"44":0,"45":0,"46":0,"47":1,"48":0,"49":0,"50":1},"f":{"0":3,"1":0,"2":0,"3":2,"4":0,"5":0,"6":0,"7":0,"8":0,"9":0},"b":{"0":[0,0],"1":[0,0],"2":[0,0],"3":[0,0],"4":[0,0]},"_coverageSchema":"1a1c01bbd47fc00a2c39e90264f33305004495a9","hash":"aa6da062c8ab00aed81f06e8910823b4bc81fe2f"}
,"C:\\Users\\leejo\\kissfeed\\server\\routes\\auth.js": {"path":"C:\\Users\\leejo\\kissfeed\\server\\routes\\auth.js","statementMap":{"0":{"start":{"line":1,"column":20},"end":{"line":1,"column":47}},"1":{"start":{"line":2,"column":13},"end":{"line":2,"column":38}},"2":{"start":{"line":3,"column":15},"end":{"line":3,"column":32}},"3":{"start":{"line":4,"column":12},"end":{"line":4,"column":35}},"4":{"start":{"line":5,"column":15},"end":{"line":5,"column":41}},"5":{"start":{"line":7,"column":0},"end":{"line":22,"column":2}},"6":{"start":{"line":9,"column":40},"end":{"line":9,"column":48}},"7":{"start":{"line":10,"column":4},"end":{"line":21,"column":5}},"8":{"start":{"line":12,"column":21},"end":{"line":12,"column":45}},"9":{"start":{"line":13,"column":31},"end":{"line":13,"column":64}},"10":{"start":{"line":15,"column":24},"end":{"line":15,"column":74}},"11":{"start":{"line":17,"column":21},"end":{"line":17,"column":41}},"12":{"start":{"line":18,"column":8},"end":{"line":18,"column":34}},"13":{"start":{"line":20,"column":8},"end":{"line":20,"column":22}},"14":{"start":{"line":24,"column":0},"end":{"line":52,"column":2}},"15":{"start":{"line":25,"column":33},"end":{"line":25,"column":41}},"16":{"start":{"line":28,"column":17},"end":{"line":28,"column":47}},"17":{"start":{"line":30,"column":28},"end":{"line":32,"column":59}},"18":{"start":{"line":34,"column":4},"end":{"line":38,"column":5}},"19":{"start":{"line":35,"column":8},"end":{"line":37,"column":10}},"20":{"start":{"line":39,"column":25},"end":{"line":42,"column":5}},"21":{"start":{"line":43,"column":18},"end":{"line":47,"column":5}},"22":{"start":{"line":50,"column":4},"end":{"line":50,"column":85}},"23":{"start":{"line":54,"column":0},"end":{"line":54,"column":28}}},"fnMap":{"0":{"name":"(anonymous_0)","decl":{"start":{"line":7,"column":30},"end":{"line":7,"column":31}},"loc":{"start":{"line":7,"column":49},"end":{"line":22,"column":1}},"line":7},"1":{"name":"(anonymous_1)","decl":{"start":{"line":24,"column":22},"end":{"line":24,"column":23}},"loc":{"start":{"line":24,"column":41},"end":{"line":52,"column":1}},"line":24}},"branchMap":{"0":{"loc":{"start":{"line":30,"column":28},"end":{"line":32,"column":59}},"type":"cond-expr","locations":[{"start":{"line":31,"column":10},"end":{"line":31,"column":15}},{"start":{"line":32,"column":10},"end":{"line":32,"column":59}}],"line":30},"1":{"loc":{"start":{"line":34,"column":4},"end":{"line":38,"column":5}},"type":"if","locations":[{"start":{"line":34,"column":4},"end":{"line":38,"column":5}},{"start":{},"end":{}}],"line":34},"2":{"loc":{"start":{"line":34,"column":10},"end":{"line":34,"column":33}},"type":"binary-expr","locations":[{"start":{"line":34,"column":10},"end":{"line":34,"column":14}},{"start":{"line":34,"column":18},"end":{"line":34,"column":33}}],"line":34}},"s":{"0":1,"1":1,"2":1,"3":1,"4":1,"5":1,"6":0,"7":0,"8":0,"9":0,"10":0,"11":0,"12":0,"13":0,"14":1,"15":0,"16":0,"17":0,"18":0,"19":0,"20":0,"21":0,"22":0,"23":1},"f":{"0":0,"1":0},"b":{"0":[0,0],"1":[0,0],"2":[0,0]},"_coverageSchema":"1a1c01bbd47fc00a2c39e90264f33305004495a9","hash":"b2c915e59b474a5d312cbf8084e7211a5eec0cf4"}
,"C:\\Users\\leejo\\kissfeed\\server\\routes\\requestArticle.js": {"path":"C:\\Users\\leejo\\kissfeed\\server\\routes\\requestArticle.js","statementMap":{"0":{"start":{"line":2,"column":23},"end":{"line":2,"column":50}},"1":{"start":{"line":3,"column":16},"end":{"line":3,"column":56}},"2":{"start":{"line":6,"column":0},"end":{"line":10,"column":2}},"3":{"start":{"line":7,"column":17},"end":{"line":7,"column":40}},"4":{"start":{"line":8,"column":4},"end":{"line":8,"column":21}},"5":{"start":{"line":9,"column":4},"end":{"line":9,"column":25}},"6":{"start":{"line":13,"column":0},"end":{"line":13,"column":31}}},"fnMap":{"0":{"name":"(anonymous_0)","decl":{"start":{"line":6,"column":25},"end":{"line":6,"column":26}},"loc":{"start":{"line":6,"column":45},"end":{"line":10,"column":1}},"line":6}},"branchMap":{},"s":{"0":1,"1":1,"2":1,"3":0,"4":0,"5":0,"6":1},"f":{"0":0},"b":{},"_coverageSchema":"1a1c01bbd47fc00a2c39e90264f33305004495a9","hash":"cd587de50c383b4628ec067288524b16fc31140a"}
,"C:\\Users\\leejo\\kissfeed\\server\\routes\\users.js": {"path":"C:\\Users\\leejo\\kissfeed\\server\\routes\\users.js","statementMap":{"0":{"start":{"line":1,"column":16},"end":{"line":1,"column":34}},"1":{"start":{"line":2,"column":19},"end":{"line":2,"column":35}},"2":{"start":{"line":3,"column":15},"end":{"line":3,"column":32}},"3":{"start":{"line":4,"column":13},"end":{"line":4,"column":38}},"4":{"start":{"line":8,"column":0},"end":{"line":11,"column":2}},"5":{"start":{"line":9,"column":18},"end":{"line":9,"column":37}},"6":{"start":{"line":10,"column":4},"end":{"line":10,"column":19}},"7":{"start":{"line":13,"column":0},"end":{"line":20,"column":2}},"8":{"start":{"line":14,"column":17},"end":{"line":14,"column":51}},"9":{"start":{"line":16,"column":4},"end":{"line":19,"column":6}},"10":{"start":{"line":22,"column":0},"end":{"line":42,"column":2}},"11":{"start":{"line":23,"column":35},"end":{"line":23,"column":43}},"12":{"start":{"line":25,"column":25},"end":{"line":25,"column":57}},"13":{"start":{"line":26,"column":4},"end":{"line":30,"column":5}},"14":{"start":{"line":27,"column":8},"end":{"line":29,"column":10}},"15":{"start":{"line":32,"column":25},"end":{"line":32,"column":56}},"16":{"start":{"line":34,"column":20},"end":{"line":38,"column":6}},"17":{"start":{"line":40,"column":22},"end":{"line":40,"column":42}},"18":{"start":{"line":41,"column":4},"end":{"line":41,"column":35}},"19":{"start":{"line":44,"column":0},"end":{"line":59,"column":2}},"20":{"start":{"line":45,"column":49},"end":{"line":45,"column":57}},"21":{"start":{"line":47,"column":17},"end":{"line":47,"column":49}},"22":{"start":{"line":49,"column":4},"end":{"line":49,"column":28}},"23":{"start":{"line":50,"column":4},"end":{"line":50,"column":36}},"24":{"start":{"line":51,"column":4},"end":{"line":51,"column":21}},"25":{"start":{"line":52,"column":24},"end":{"line":56,"column":5}},"26":{"start":{"line":58,"column":4},"end":{"line":58,"column":25}},"27":{"start":{"line":62,"column":0},"end":{"line":62,"column":27}}},"fnMap":{"0":{"name":"(anonymous_0)","decl":{"start":{"line":8,"column":20},"end":{"line":8,"column":21}},"loc":{"start":{"line":8,"column":40},"end":{"line":11,"column":1}},"line":8},"1":{"name":"(anonymous_1)","decl":{"start":{"line":13,"column":23},"end":{"line":13,"column":24}},"loc":{"start":{"line":13,"column":43},"end":{"line":20,"column":1}},"line":13},"2":{"name":"(anonymous_2)","decl":{"start":{"line":22,"column":21},"end":{"line":22,"column":22}},"loc":{"start":{"line":22,"column":41},"end":{"line":42,"column":1}},"line":22},"3":{"name":"(anonymous_3)","decl":{"start":{"line":44,"column":20},"end":{"line":44,"column":21}},"loc":{"start":{"line":44,"column":40},"end":{"line":59,"column":1}},"line":44}},"branchMap":{"0":{"loc":{"start":{"line":26,"column":4},"end":{"line":30,"column":5}},"type":"if","locations":[{"start":{"line":26,"column":4},"end":{"line":30,"column":5}},{"start":{},"end":{}}],"line":26}},"s":{"0":1,"1":1,"2":1,"3":1,"4":1,"5":0,"6":0,"7":1,"8":0,"9":0,"10":1,"11":0,"12":0,"13":0,"14":0,"15":0,"16":0,"17":0,"18":0,"19":1,"20":0,"21":0,"22":0,"23":0,"24":0,"25":0,"26":0,"27":1},"f":{"0":0,"1":0,"2":0,"3":0},"b":{"0":[0,0]},"_coverageSchema":"1a1c01bbd47fc00a2c39e90264f33305004495a9","hash":"c2a91dbbf0ecf1d81c3069968bad7b224a2d7cc9"}
,"C:\\Users\\leejo\\kissfeed\\server\\services\\requestArticle.js": {"path":"C:\\Users\\leejo\\kissfeed\\server\\services\\requestArticle.js","statementMap":{"0":{"start":{"line":1,"column":16},"end":{"line":1,"column":34}},"1":{"start":{"line":2,"column":14},"end":{"line":2,"column":30}},"2":{"start":{"line":3,"column":18},"end":{"line":3,"column":42}},"3":{"start":{"line":5,"column":20},"end":{"line":31,"column":1}},"4":{"start":{"line":6,"column":24},"end":{"line":6,"column":34}},"5":{"start":{"line":8,"column":4},"end":{"line":30,"column":5}},"6":{"start":{"line":9,"column":8},"end":{"line":29,"column":10}},"7":{"start":{"line":10,"column":27},"end":{"line":10,"column":81}},"8":{"start":{"line":11,"column":12},"end":{"line":25,"column":14}},"9":{"start":{"line":12,"column":29},"end":{"line":12,"column":58}},"10":{"start":{"line":13,"column":30},"end":{"line":13,"column":50}},"11":{"start":{"line":14,"column":29},"end":{"line":14,"column":49}},"12":{"start":{"line":15,"column":31},"end":{"line":15,"column":38}},"13":{"start":{"line":16,"column":30},"end":{"line":16,"column":37}},"14":{"start":{"line":17,"column":16},"end":{"line":24,"column":18}},"15":{"start":{"line":26,"column":12},"end":{"line":28,"column":14}},"16":{"start":{"line":27,"column":16},"end":{"line":27,"column":44}},"17":{"start":{"line":32,"column":16},"end":{"line":67,"column":1}},"18":{"start":{"line":33,"column":21},"end":{"line":63,"column":6}},"19":{"start":{"line":34,"column":20},"end":{"line":34,"column":40}},"20":{"start":{"line":35,"column":21},"end":{"line":35,"column":29}},"21":{"start":{"line":36,"column":18},"end":{"line":36,"column":36}},"22":{"start":{"line":38,"column":19},"end":{"line":38,"column":75}},"23":{"start":{"line":39,"column":20},"end":{"line":39,"column":29}},"24":{"start":{"line":41,"column":8},"end":{"line":59,"column":9}},"25":{"start":{"line":42,"column":31},"end":{"line":42,"column":59}},"26":{"start":{"line":43,"column":12},"end":{"line":57,"column":13}},"27":{"start":{"line":44,"column":29},"end":{"line":44,"column":44}},"28":{"start":{"line":45,"column":32},"end":{"line":45,"column":45}},"29":{"start":{"line":46,"column":16},"end":{"line":56,"column":17}},"30":{"start":{"line":54,"column":20},"end":{"line":54,"column":35}},"31":{"start":{"line":55,"column":20},"end":{"line":55,"column":37}},"32":{"start":{"line":58,"column":12},"end":{"line":58,"column":43}},"33":{"start":{"line":58,"column":38},"end":{"line":58,"column":43}},"34":{"start":{"line":60,"column":31},"end":{"line":60,"column":60}},"35":{"start":{"line":62,"column":8},"end":{"line":62,"column":42}},"36":{"start":{"line":65,"column":4},"end":{"line":65,"column":32}},"37":{"start":{"line":70,"column":0},"end":{"line":70,"column":24}}},"fnMap":{"0":{"name":"(anonymous_0)","decl":{"start":{"line":5,"column":20},"end":{"line":5,"column":21}},"loc":{"start":{"line":5,"column":40},"end":{"line":31,"column":1}},"line":5},"1":{"name":"(anonymous_1)","decl":{"start":{"line":8,"column":27},"end":{"line":8,"column":28}},"loc":{"start":{"line":8,"column":35},"end":{"line":29,"column":11}},"line":8},"2":{"name":"(anonymous_2)","decl":{"start":{"line":9,"column":27},"end":{"line":9,"column":28}},"loc":{"start":{"line":9,"column":40},"end":{"line":29,"column":9}},"line":9},"3":{"name":"(anonymous_3)","decl":{"start":{"line":11,"column":37},"end":{"line":11,"column":38}},"loc":{"start":{"line":11,"column":47},"end":{"line":25,"column":13}},"line":11},"4":{"name":"(anonymous_4)","decl":{"start":{"line":26,"column":37},"end":{"line":26,"column":38}},"loc":{"start":{"line":26,"column":47},"end":{"line":28,"column":13}},"line":26},"5":{"name":"(anonymous_5)","decl":{"start":{"line":32,"column":16},"end":{"line":32,"column":17}},"loc":{"start":{"line":32,"column":37},"end":{"line":67,"column":1}},"line":32},"6":{"name":"(anonymous_6)","decl":{"start":{"line":33,"column":30},"end":{"line":33,"column":31}},"loc":{"start":{"line":33,"column":43},"end":{"line":63,"column":5}},"line":33}},"branchMap":{"0":{"loc":{"start":{"line":43,"column":12},"end":{"line":57,"column":13}},"type":"if","locations":[{"start":{"line":43,"column":12},"end":{"line":57,"column":13}},{"start":{},"end":{}}],"line":43},"1":{"loc":{"start":{"line":46,"column":16},"end":{"line":56,"column":17}},"type":"if","locations":[{"start":{"line":46,"column":16},"end":{"line":56,"column":17}},{"start":{},"end":{}}],"line":46},"2":{"loc":{"start":{"line":47,"column":20},"end":{"line":52,"column":44}},"type":"binary-expr","locations":[{"start":{"line":47,"column":20},"end":{"line":47,"column":38}},{"start":{"line":48,"column":21},"end":{"line":48,"column":28}},{"start":{"line":49,"column":20},"end":{"line":49,"column":44}},{"start":{"line":50,"column":20},"end":{"line":50,"column":47}},{"start":{"line":51,"column":20},"end":{"line":51,"column":46}},{"start":{"line":52,"column":20},"end":{"line":52,"column":43}}],"line":47},"3":{"loc":{"start":{"line":58,"column":12},"end":{"line":58,"column":43}},"type":"if","locations":[{"start":{"line":58,"column":12},"end":{"line":58,"column":43}},{"start":{},"end":{}}],"line":58}},"s":{"0":1,"1":1,"2":1,"3":1,"4":0,"5":0,"6":0,"7":0,"8":0,"9":0,"10":0,"11":0,"12":0,"13":0,"14":0,"15":0,"16":0,"17":1,"18":0,"19":0,"20":0,"21":0,"22":0,"23":0,"24":0,"25":0,"26":0,"27":0,"28":0,"29":0,"30":0,"31":0,"32":0,"33":0,"34":0,"35":0,"36":0,"37":1},"f":{"0":0,"1":0,"2":0,"3":0,"4":0,"5":0,"6":0},"b":{"0":[0,0],"1":[0,0],"2":[0,0,0,0,0,0],"3":[0,0]},"_coverageSchema":"1a1c01bbd47fc00a2c39e90264f33305004495a9","hash":"658b4fe4dc51eaef40f911a9797bdb75dab1fcb6"}
,"C:\\Users\\leejo\\kissfeed\\server\\tests\\article_test_helper.js": {"path":"C:\\Users\\leejo\\kissfeed\\server\\tests\\article_test_helper.js","statementMap":{"0":{"start":{"line":1,"column":16},"end":{"line":1,"column":44}},"1":{"start":{"line":3,"column":24},"end":{"line":28,"column":1}},"2":{"start":{"line":30,"column":21},"end":{"line":33,"column":1}},"3":{"start":{"line":31,"column":21},"end":{"line":31,"column":43}},"4":{"start":{"line":32,"column":4},"end":{"line":32,"column":52}},"5":{"start":{"line":32,"column":35},"end":{"line":32,"column":51}},"6":{"start":{"line":35,"column":0},"end":{"line":37,"column":1}}},"fnMap":{"0":{"name":"(anonymous_0)","decl":{"start":{"line":30,"column":21},"end":{"line":30,"column":22}},"loc":{"start":{"line":30,"column":33},"end":{"line":33,"column":1}},"line":30},"1":{"name":"(anonymous_1)","decl":{"start":{"line":32,"column":24},"end":{"line":32,"column":25}},"loc":{"start":{"line":32,"column":35},"end":{"line":32,"column":51}},"line":32}},"branchMap":{},"s":{"0":1,"1":1,"2":1,"3":0,"4":0,"5":0,"6":1},"f":{"0":0,"1":0},"b":{},"_coverageSchema":"1a1c01bbd47fc00a2c39e90264f33305004495a9","hash":"48a66d56c51e38d52988748fe30e8fc80a5332f0"}
,"C:\\Users\\leejo\\kissfeed\\server\\utils\\config.js": {"path":"C:\\Users\\leejo\\kissfeed\\server\\utils\\config.js","statementMap":{"0":{"start":{"line":1,"column":0},"end":{"line":1,"column":26}},"1":{"start":{"line":3,"column":13},"end":{"line":3,"column":29}},"2":{"start":{"line":5,"column":20},"end":{"line":7,"column":29}},"3":{"start":{"line":9,"column":0},"end":{"line":12,"column":1}}},"fnMap":{},"branchMap":{"0":{"loc":{"start":{"line":5,"column":20},"end":{"line":7,"column":29}},"type":"cond-expr","locations":[{"start":{"line":6,"column":6},"end":{"line":6,"column":34}},{"start":{"line":7,"column":6},"end":{"line":7,"column":29}}],"line":5}},"s":{"0":1,"1":1,"2":1,"3":1},"f":{},"b":{"0":[1,0]},"_coverageSchema":"1a1c01bbd47fc00a2c39e90264f33305004495a9","hash":"110f7f38a0ee4f1dc5767594f9d754350664eb77"}
,"C:\\Users\\leejo\\kissfeed\\server\\utils\\getToken.js": {"path":"C:\\Users\\leejo\\kissfeed\\server\\utils\\getToken.js","statementMap":{"0":{"start":{"line":3,"column":21},"end":{"line":9,"column":1}},"1":{"start":{"line":4,"column":26},"end":{"line":4,"column":54}},"2":{"start":{"line":5,"column":4},"end":{"line":7,"column":5}},"3":{"start":{"line":6,"column":8},"end":{"line":6,"column":41}},"4":{"start":{"line":8,"column":4},"end":{"line":8,"column":15}},"5":{"start":{"line":11,"column":0},"end":{"line":11,"column":29}}},"fnMap":{"0":{"name":"(anonymous_0)","decl":{"start":{"line":3,"column":21},"end":{"line":3,"column":22}},"loc":{"start":{"line":3,"column":32},"end":{"line":9,"column":1}},"line":3}},"branchMap":{"0":{"loc":{"start":{"line":5,"column":4},"end":{"line":7,"column":5}},"type":"if","locations":[{"start":{"line":5,"column":4},"end":{"line":7,"column":5}},{"start":{},"end":{}}],"line":5},"1":{"loc":{"start":{"line":5,"column":8},"end":{"line":5,"column":74}},"type":"binary-expr","locations":[{"start":{"line":5,"column":8},"end":{"line":5,"column":21}},{"start":{"line":5,"column":25},"end":{"line":5,"column":74}}],"line":5}},"s":{"0":1,"1":0,"2":0,"3":0,"4":0,"5":1},"f":{"0":0},"b":{"0":[0,0],"1":[0,0]},"_coverageSchema":"1a1c01bbd47fc00a2c39e90264f33305004495a9","hash":"ffac92a7dc3845bc8497cc93da0bf6a842101170"}
}
